This is pdfTeX, Version 3.141592653-2.6-1.40.24 (MiKTeX 21.12) (preloaded format=pdflatex 2022.1.24)  4 MAR 2022 07:38
entering extended mode
 restricted \write18 enabled.
 %&-line parsing enabled.
**"./ASSIGNMENT 6.tex"
(ASSIGNMENT 6.tex
LaTeX2e <2021-11-15> patch level 1
L3 programming layer <2021-11-22> (C:\Desktop\tex/latex/base\article.cls
Document Class: article 2021/10/04 v1.4n Standard LaTeX document class
(C:\Desktop\tex/latex/base\size10.clo
File: size10.clo 2021/10/04 v1.4n Standard LaTeX file (size option)
)
\c@part=\count183
\c@section=\count184
\c@subsection=\count185
\c@subsubsection=\count186
\c@paragraph=\count187
\c@subparagraph=\count188
\c@figure=\count189
\c@table=\count190
\abovecaptionskip=\skip47
\belowcaptionskip=\skip48
\bibindent=\dimen138
)
(C:\Desktop\tex/latex/graphics\graphicx.sty
Package: graphicx 2021/09/16 v1.2d Enhanced LaTeX Graphics (DPC,SPQR)

(C:\Desktop\tex/latex/graphics\keyval.sty
Package: keyval 2014/10/28 v1.15 key=value parser (DPC)
\KV@toks@=\toks16
)
(C:\Desktop\tex/latex/graphics\graphics.sty
Package: graphics 2021/03/04 v1.4d Standard LaTeX Graphics (DPC,SPQR)

(C:\Desktop\tex/latex/graphics\trig.sty
Package: trig 2021/08/11 v1.11 sin cos tan (DPC)
)
(C:\Desktop\tex/latex/graphics-cfg\graphics.cfg
File: graphics.cfg 2016/06/04 v1.11 sample graphics configuration
)
Package graphics Info: Driver file: pdftex.def on input line 107.

(C:\Desktop\tex/latex/graphics-def\pdftex.def
File: pdftex.def 2020/10/05 v1.2a Graphics/color driver for pdftex
))
\Gin@req@height=\dimen139
\Gin@req@width=\dimen140
)
(C:\Desktop\tex/latex/l3backend\l3backend-pdftex.def
File: l3backend-pdftex.def 2021-10-18 L3 backend support: PDF output (pdfTeX)
\l__color_backend_stack_int=\count191
\l__pdf_internal_box=\box50
)

LaTeX Warning: Unused global option(s):
    [12pts].

(ASSIGNMENT 6.aux)
\openout1 = `"ASSIGNMENT 6.aux"'.

LaTeX Font Info:    Checking defaults for OML/cmm/m/it on input line 9.
LaTeX Font Info:    ... okay on input line 9.
LaTeX Font Info:    Checking defaults for OMS/cmsy/m/n on input line 9.
LaTeX Font Info:    ... okay on input line 9.
LaTeX Font Info:    Checking defaults for OT1/cmr/m/n on input line 9.
LaTeX Font Info:    ... okay on input line 9.
LaTeX Font Info:    Checking defaults for T1/cmr/m/n on input line 9.
LaTeX Font Info:    ... okay on input line 9.
LaTeX Font Info:    Checking defaults for TS1/cmr/m/n on input line 9.
LaTeX Font Info:    ... okay on input line 9.
LaTeX Font Info:    Checking defaults for OMX/cmex/m/n on input line 9.
LaTeX Font Info:    ... okay on input line 9.
LaTeX Font Info:    Checking defaults for U/cmr/m/n on input line 9.
LaTeX Font Info:    ... okay on input line 9.
 (C:\Desktop\tex/context/base/mkii\supp-pdf.mkii
[Loading MPS to PDF converter (version 2006.09.02).]
\scratchcounter=\count192
\scratchdimen=\dimen141
\scratchbox=\box51
\nofMPsegments=\count193
\nofMParguments=\count194
\everyMPshowfont=\toks17
\MPscratchCnt=\count195
\MPscratchDim=\dimen142
\MPnumerator=\count196
\makeMPintoPDFobject=\count197
\everyMPtoPDFconversion=\toks18
) (C:\Desktop\tex/latex/epstopdf-pkg\epstopdf-base.sty
Package: epstopdf-base 2020-01-24 v2.11 Base part for package epstopdf
Package epstopdf-base Info: Redefining graphics rule for `.eps' on input line 4
85.

(C:\Desktop\tex/latex/00miktex\epstopdf-sys.cfg
File: epstopdf-sys.cfg 2021/03/18 v2.0 Configuration of epstopdf for MiKTeX
))
LaTeX Font Info:    External font `cmex10' loaded for size
(Font)              <12> on input line 10.
LaTeX Font Info:    External font `cmex10' loaded for size
(Font)              <8> on input line 10.
LaTeX Font Info:    External font `cmex10' loaded for size
(Font)              <6> on input line 10.
<Images//nit.jpg, id=1, 299.1175pt x 335.2525pt>
File: Images//nit.jpg Graphic file (type jpg)
<use Images//nit.jpg>
Package pdftex.def Info: Images//nit.jpg  used on input line 14.
(pdftex.def)             Requested size: 239.29431pt x 268.20236pt.
 [1

{C:/Users/akmr3/AppData/Local/MiKTeX/fonts/map/pdftex/pdftex.map} <./Images//ni
t.jpg>]
<Images//type.jpg, id=12, 848.16875pt x 1172.38pt>
File: Images//type.jpg Graphic file (type jpg)
<use Images//type.jpg>
Package pdftex.def Info: Images//type.jpg  used on input line 46.
(pdftex.def)             Requested size: 144.18677pt x 199.30196pt.
<Images//how.jpg, id=13, 578.16pt x 415.3116pt>
File: Images//how.jpg Graphic file (type jpg)
<use Images//how.jpg>
Package pdftex.def Info: Images//how.jpg  used on input line 47.
(pdftex.def)             Requested size: 289.07928pt x 207.65529pt.

Overfull \hbox (90.48827pt too wide) in paragraph at lines 46--48
[][] [] 
 []


LaTeX Warning: `h' float specifier changed to `ht'.

[2

]
<Images//venti.jpg, id=18, 401.5pt x 256.96pt>
File: Images//venti.jpg Graphic file (type jpg)
<use Images//venti.jpg>
Package pdftex.def Info: Images//venti.jpg  used on input line 70.
(pdftex.def)             Requested size: 160.59715pt x 102.78217pt.


LaTeX Warning: `h' float specifier changed to `ht'.

[3 <./Images//type.jpg> <./Images//how.jpg>] [4 <./Images//venti.jpg>]
<Images//infe.jpg, id=25, 459.6372pt x 257.2812pt>
File: Images//infe.jpg Graphic file (type jpg)
<use Images//infe.jpg>
Package pdftex.def Info: Images//infe.jpg  used on input line 109.
(pdftex.def)             Requested size: 160.87543pt x 90.04976pt.
LaTeX Font Info:    External font `cmex10' loaded for size
(Font)              <7> on input line 115.
LaTeX Font Info:    External font `cmex10' loaded for size
(Font)              <5> on input line 115.
 [5 <./Images//infe.jpg>] (ASSIGNMENT 6.aux) ) 
Here is how much of TeX's memory you used:
 1328 strings out of 478659
 21102 string characters out of 2861934
 324428 words of memory out of 3000000
 19463 multiletter control sequences out of 15000+600000
 408327 words of font info for 43 fonts, out of 8000000 for 9000
 1141 hyphenation exceptions out of 8191
 55i,7n,62p,570b,222s stack positions out of 5000i,500n,10000p,200000b,80000s
 <C:\Users\akmr3\AppData\Local\Mi
KTeX\fonts/pk/ljfour/jknappen/ec/dpi600\tcrm1000.pk><C:/Desktop/fonts/type1/pub
lic/amsfonts/cm/cmbx10.pfb><C:/Desktop/fonts/type1/public/amsfonts/cm/cmbx12.pf
b><C:/Desktop/fonts/type1/public/amsfonts/cm/cmmi10.pfb><C:/Desktop/fonts/type1
/public/amsfonts/cm/cmr10.pfb><C:/Desktop/fonts/type1/public/amsfonts/cm/cmr12.
pfb>
Output written on "ASSIGNMENT 6.pdf" (5 pages, 805241 bytes).
PDF statistics:
 55 PDF objects out of 1000 (max. 8388607)
 0 named destinations out of 1000 (max. 500000)
 26 words of extra memory for PDF output out of 10000 (max. 10000000)

